<html>
<body>
<pre>
<h1>µVision Build Log</h1>
<h2>Tool Versions:</h2>
IDE-Version: ¦ÌVision V5.23.0.0
Copyright (C) 2017 ARM Ltd and ARM Germany GmbH. All rights reserved.
License Information: 2 jump, ee, LIC=FQQNN-Y4Y25-XCQJ0-B6BFR-25WIH-J8T8M
 
Tool Versions:
Toolchain:       MDK-ARM Professional  Version: 5.23
Toolchain Path:  D:\STM\ARM\ARMCC\Bin
C Compiler:      Armcc.exe V5.06 update 4 (build 422)
Assembler:       Armasm.exe V5.06 update 4 (build 422)
Linker/Locator:  ArmLink.exe V5.06 update 4 (build 422)
Library Manager: ArmAr.exe V5.06 update 4 (build 422)
Hex Converter:   FromElf.exe V5.06 update 4 (build 422)
CPU DLL:         SARMCM3.DLL V5.23
Dialog DLL:      DCM.DLL V1.15.0.0
Target DLL:      Segger\JL2CM3.dll V2.99.23.0
Dialog DLL:      TCM.DLL V1.27.0.0
 
<h2>Project:</h2>
D:\¹¤³Ì´æµµ\µç¿Ø\RG-ECE-main\RG-ECE\MDK-ARM\standard_tpye_c.uvprojx
Project File Date:  02/25/2021

<h2>Output:</h2>
*** Using Compiler 'V5.06 update 4 (build 422)', folder: 'D:\STM\ARM\ARMCC\Bin'
Build target 'standard_tpye_c'
compiling referee_usart_task.c...
..\application\referee_usart_task.c(37): error:  #167: argument of type "USART_TypeDef" is incompatible with parameter of type "UART_HandleTypeDef *"
  		HAL_UART_Transmit(*
SART1, 
EADER , 1, 10);
..\application\referee_usart_task.c(37): error:  #167: argument of type "int" is incompatible with parameter of type "uint8_t *"
  		HAL_UART_Transmit(*
SART1, 
EADER , 1, 10);
..\application\referee_usart_task.c: 0 warnings, 2 errors
compiling main.c...
compiling freertos.c...
"standard_tpye_c\standard_tpye_c.axf" - 2 Error(s), 0 Warning(s).

<h2>Software Packages used:</h2>

Package Vendor: ARM
                http://www.keil.com/pack/ARM.CMSIS.5.0.1.pack
                ARM::CMSIS:CORE:5.0.1
                CMSIS (Cortex Microcontroller Software Interface Standard)
   * Component: CORE Version: 5.0.1

<h2>Collection of Component include folders:</h2>
  .\RTE\_standard_tpye_c
  D:\STM\ARM\PACK\ARM\CMSIS\5.0.1\CMSIS\Include
  D:\STM\ARM\PACK\Keil\STM32F4xx_DFP\2.12.0\Drivers\CMSIS\Device\ST\STM32F4xx\Include

<h2>Collection of Component Files used:</h2>

   * Component: ARM::CMSIS:CORE:5.0.1
Target not created.
Build Time Elapsed:  00:00:04
</pre>
</body>
</html>
